job and department titles are inconsistent. We run the risk of missing jobs outside of our keywords ie: site reliability
t2 scrape jobs count lever 1
t2 scrape jobs count ashby 2
t2 scrape jobs count lever 3
t2 scrape jobs count greenhouse 4
t2 scrape jobs count lever 5
t2 scrape jobs count lever 6
t2 scrape jobs count greenhouse 7
t2 scrape jobs count lever 8
t2 scrape jobs count lever 9
t2 scrape jobs count greenhouse 10
t2 scrape jobs count lever 11
t2 scrape jobs count ashby 12
t2 scrape jobs count lever 13
t2 scrape jobs count lever 14
t2 scrape jobs count greenhouse 15
t2 scrape jobs count lever 16
t2 scrape jobs count lever 17
t2 scrape jobs count greenhouse 18
t2 scrape jobs count ashby 19
t2 scrape jobs count greenhouse 20
t2 scrape jobs count lever 21
t2 scrape jobs count ashby 22
t2 scrape jobs count lever 23
t2 scrape jobs count lever 24
t2 scrape jobs count greenhouse 25
t2 scrape jobs count lever 26
t2 scrape jobs count greenhouse 27
t2 scrape jobs count ashby 28
t2 scrape jobs count lever 29
t2 scrape jobs count lever 30
t2 scrape jobs count lever 31
t2 scrape jobs count lever 32
t2 scrape jobs count ashby 33
t2 scrape jobs count ashby 34
t2 scrape jobs count lever 35
t2 scrape jobs count lever 36
t2 scrape jobs count greenhouse 37
t2 scrape jobs count ashby 38
t2 scrape jobs count lever 39
t2 scrape jobs count lever 40
t2 scrape jobs count lever 41
t2 scrape jobs count lever 42
t2 scrape jobs count lever 43
t2 scrape jobs count lever 44
t2 scrape jobs count greenhouse 45
t2 scrape jobs count greenhouse 46
t2 scrape jobs count lever 47
t2 scrape jobs count greenhouse 48
t2 scrape jobs count ashby 49
t2 scrape jobs count lever 50
t2 scrape jobs count ashby 51
t2 scrape jobs count greenhouse 52
t2 scrape jobs count lever 53
t2 scrape jobs count lever 54
t2 scrape jobs count lever 55
t2 scrape jobs count greenhouse 56
t2 scrape jobs count greenhouse 57
t2 scrape jobs count lever 58
t2 scrape jobs count lever 59
t2 scrape jobs count lever 60
t2 scrape jobs count ashby 61
t2 scrape jobs count greenhouse 62
t2 scrape jobs count lever 63
t2 scrape jobs count greenhouse 64
t2 scrape jobs count lever 65
t2 scrape jobs count lever 66
t2 scrape jobs count lever 67
t2 scrape jobs count lever 68
t2 scrape jobs count greenhouse 69
t2 scrape jobs count lever 70
t2 scrape jobs count ashby 71
t2 scrape jobs count greenhouse 72
t2 scrape jobs count greenhouse 73
t2 scrape jobs count lever 74
t2 scrape jobs count greenhouse 75
t2 scrape jobs count greenhouse 76
t2 scrape jobs count lever 77
t2 scrape jobs count ashby 78
t2 scrape jobs count greenhouse 79
t2 scrape jobs count lever 80
t2 scrape jobs count lever 81
t2 scrape jobs count lever 82
t2 scrape jobs count lever 83
t2 scrape jobs count lever 84
t2 scrape jobs count greenhouse 85
t2 scrape jobs count ashby 86
t2 scrape jobs count greenhouse 87
t2 scrape jobs count lever 88
t2 scrape jobs count lever 89
t2 scrape jobs count lever 90
t2 scrape jobs count lever 91
t2 scrape jobs count lever 92
t2 scrape jobs count lever 93
t2 scrape jobs count lever 94
t2 scrape jobs count ashby 95
t2 scrape jobs count lever 96
t2 scrape jobs count greenhouse 97
t2 scrape jobs count lever 98
t2 scrape jobs count lever 99
t2 scrape jobs count ashby 100
t2 scrape jobs count lever 101
t2 scrape jobs count greenhouse 102
t2 scrape jobs count greenhouse 103
t2 scrape jobs count greenhouse 104
t2 scrape jobs count lever 105
t2 scrape jobs count ashby 106
t2 scrape jobs count greenhouse 107
t2 scrape jobs count lever 108
t2 scrape jobs count lever 109
t2 scrape jobs count greenhouse 110
t2 scrape jobs count lever 111
t2 scrape jobs count greenhouse 112
t2 scrape jobs count lever 113
t2 scrape jobs count lever 114
t2 scrape jobs count ashby 115
t2 scrape jobs count greenhouse 116
t2 scrape jobs count greenhouse 117
t2 scrape jobs count lever 118
t2 scrape jobs count greenhouse 119
t2 scrape jobs count lever 120
t2 scrape jobs count greenhouse 121
t2 scrape jobs count lever 122
t2 scrape jobs count lever 123
t2 scrape jobs count ashby 124
Page title couldn't be found
t2 scrape jobs count ashby 125
t2 scrape jobs count lever 126
t2 scrape jobs count lever 127
t2 scrape jobs count lever 128
t2 scrape jobs count ashby 129
t2 scrape jobs count lever 130
t2 scrape jobs count lever 131
t2 scrape jobs count greenhouse 132
t2 scrape jobs count lever 133
t2 scrape jobs count lever 134
t2 scrape jobs count greenhouse 135
t2 scrape jobs count greenhouse 136
t2 scrape jobs count greenhouse 137
t2 scrape jobs count lever 138
t2 scrape jobs count lever 139
t2 scrape jobs count lever 140
t2 scrape jobs count lever 141
t2 scrape jobs count ashby 142
t2 scrape jobs count greenhouse 143
t2 scrape jobs count ashby 144
t2 scrape jobs count greenhouse 145
t2 scrape jobs count lever 146
t2 scrape jobs count lever 147
t2 scrape jobs count greenhouse 148
t2 scrape jobs count lever 149
t2 scrape jobs count lever 150
t2 scrape jobs count lever 151
t2 scrape jobs count lever 152
t2 scrape jobs count ashby 153
t2 scrape jobs count lever 154
t2 scrape jobs count greenhouse 155
t2 scrape jobs count greenhouse 156
t2 scrape jobs count greenhouse 157
t2 scrape jobs count lever 158
t2 scrape jobs count greenhouse 159
t2 scrape jobs count lever 160
t2 scrape jobs count lever 161
t2 scrape jobs count greenhouse 162
t2 scrape jobs count lever 163
t2 scrape jobs count greenhouse 164
t2 scrape jobs count lever 165
t2 scrape jobs count greenhouse 166
t2 scrape jobs count greenhouse 167
t2 scrape jobs count lever 168
t2 scrape jobs count lever 169
t2 scrape jobs count lever 170
t2 scrape jobs count greenhouse 171
t2 scrape jobs count lever 172
Page title couldn't be found
t2 scrape jobs count greenhouse 173
t2 scrape jobs count ashby 174
t2 scrape jobs count lever 175
t2 scrape jobs count greenhouse 176
t2 scrape jobs count lever 177
t2 scrape jobs count lever 178
t2 scrape jobs count greenhouse 179
t2 scrape jobs count greenhouse 180
t2 scrape jobs count lever 181
t2 scrape jobs count ashby 182
t2 scrape jobs count lever 183
t2 scrape jobs count greenhouse 184
t2 scrape jobs count lever 185
t2 scrape jobs count greenhouse 186
t2 scrape jobs count greenhouse 187
t2 scrape jobs count greenhouse 188
t2 scrape jobs count greenhouse 189
t2 scrape jobs count lever 190
t2 scrape jobs count greenhouse 191
Page title couldn't be found
t2 scrape jobs count greenhouse 192
t2 scrape jobs count greenhouse 193
t2 scrape jobs count greenhouse 194
t2 scrape jobs count lever 195
t2 scrape jobs count lever 196
t2 scrape jobs count lever 197
t2 scrape jobs count lever 198
t2 scrape jobs count greenhouse 199
t2 scrape jobs count lever 200
t2 scrape jobs count greenhouse 201
t2 scrape jobs count lever 202
t2 scrape jobs count lever 203
t2 scrape jobs count lever 204
t2 scrape jobs count greenhouse 205
t2 scrape jobs count greenhouse 206
t2 scrape jobs count lever 207
t2 scrape jobs count lever 208
t2 scrape jobs count greenhouse 209
t2 scrape jobs count lever 210
t2 scrape jobs count lever 211
t2 scrape jobs count greenhouse 212
t2 scrape jobs count lever 213
t2 scrape jobs count greenhouse 214
t2 scrape jobs count lever 215
t2 scrape jobs count greenhouse 216
t2 scrape jobs count lever 217
t2 scrape jobs count lever 218
t2 scrape jobs count greenhouse 219
t2 scrape jobs count lever 220
t2 scrape jobs count greenhouse 221
t2 scrape jobs count ashby 222
t2 scrape jobs count lever 223
t2 scrape jobs count lever 224
t2 scrape jobs count lever 225
t2 scrape jobs count lever 226
t2 scrape jobs count ashby 227
t2 scrape jobs count lever 228
t2 scrape jobs count greenhouse 229
t2 scrape jobs count greenhouse 230
t2 scrape jobs count lever 231
t2 scrape jobs count greenhouse 232
t2 scrape jobs count greenhouse 233
t2 scrape jobs count lever 234
t2 scrape jobs count lever 235
TOTAL t2 scrape jobs count 235
success! remove old
success! t2
t3 job description length >>>  1
BeautifulSoup failed to find the Ashby job description, attempting Selenium...
t3 job description length >>>  2
BeautifulSoup failed to find the Ashby job description, attempting Selenium...
Selenium scraping error: Message: timeout: Timed out receiving message from renderer: 299.451
  (Session info: chrome=120.0.6099.109)
Stacktrace:
#0 0x55e6df326f83 <unknown>
#1 0x55e6defdfcf7 <unknown>
#2 0x55e6defc57a1 <unknown>
#3 0x55e6defc544a <unknown>
#4 0x55e6defc37e1 <unknown>
#5 0x55e6defc418a <unknown>
#6 0x55e6defd507c <unknown>
#7 0x55e6defed7c1 <unknown>
#8 0x55e6deff36bb <unknown>
#9 0x55e6defc492d <unknown>
#10 0x55e6defed5c2 <unknown>
#11 0x55e6df078204 <unknown>
#12 0x55e6df058e53 <unknown>
#13 0x55e6df020dd4 <unknown>
#14 0x55e6df0221de <unknown>
#15 0x55e6df2eb531 <unknown>
#16 0x55e6df2ef455 <unknown>
#17 0x55e6df2d7f55 <unknown>
#18 0x55e6df2f00ef <unknown>
#19 0x55e6df2bb99f <unknown>
#20 0x55e6df314008 <unknown>
#21 0x55e6df3141d7 <unknown>
#22 0x55e6df326124 <unknown>
#23 0x7fe76f497ada <unknown>

Failed to scrape job description for https://jobs.ashbyhq.com/hackerone/9c4c66c9-e9db-4ff9-8707-8105228daf87
t3 job description length >>>  2
t3 job description length >>>  3
BeautifulSoup failed to find the Ashby job description, attempting Selenium...
Selenium scraping error: Message: timeout: Timed out receiving message from renderer: 300.000
  (Session info: chrome=120.0.6099.109)
Stacktrace:
#0 0x5583d39c8f83 <unknown>
#1 0x5583d3681cf7 <unknown>
#2 0x5583d36677a1 <unknown>
#3 0x5583d366744a <unknown>
#4 0x5583d36657e1 <unknown>
#5 0x5583d366618a <unknown>
#6 0x5583d367707c <unknown>
#7 0x5583d368f7c1 <unknown>
#8 0x5583d36956bb <unknown>
#9 0x5583d366692d <unknown>
#10 0x5583d368f5c2 <unknown>
#11 0x5583d3719f1a <unknown>
#12 0x5583d36fae53 <unknown>
#13 0x5583d36c2dd4 <unknown>
#14 0x5583d36c41de <unknown>
#15 0x5583d398d531 <unknown>
#16 0x5583d3991455 <unknown>
#17 0x5583d3979f55 <unknown>
#18 0x5583d39920ef <unknown>
#19 0x5583d395d99f <unknown>
#20 0x5583d39b6008 <unknown>
#21 0x5583d39b61d7 <unknown>
#22 0x5583d39c8124 <unknown>
#23 0x7f3f62097ada <unknown>

Failed to scrape job description for https://jobs.ashbyhq.com/deel/67836037-a4db-4bc8-b98d-a190e568f78a
t3 job description length >>>  3
BeautifulSoup failed to find the Ashby job description, attempting Selenium...
Selenium scraping error: Message: timeout: Timed out receiving message from renderer: 295.020
  (Session info: chrome=120.0.6099.109)
Stacktrace:
#0 0x559adbc5ef83 <unknown>
#1 0x559adb917cf7 <unknown>
#2 0x559adb8fd7a1 <unknown>
#3 0x559adb8fd44a <unknown>
#4 0x559adb8fb7e1 <unknown>
#5 0x559adb8fc18a <unknown>
#6 0x559adb90d07c <unknown>
#7 0x559adb9257c1 <unknown>
#8 0x559adb92b6bb <unknown>
#9 0x559adb8fc92d <unknown>
#10 0x559adb9255c2 <unknown>
#11 0x559adb9b0204 <unknown>
#12 0x559adb990e53 <unknown>
#13 0x559adb958dd4 <unknown>
#14 0x559adb95a1de <unknown>
#15 0x559adbc23531 <unknown>
#16 0x559adbc27455 <unknown>
#17 0x559adbc0ff55 <unknown>
#18 0x559adbc280ef <unknown>
#19 0x559adbbf399f <unknown>
#20 0x559adbc4c008 <unknown>
#21 0x559adbc4c1d7 <unknown>
#22 0x559adbc5e124 <unknown>
#23 0x7f9927c97ada <unknown>

Failed to scrape job description for https://jobs.ashbyhq.com/deel/b4fd8695-2c5c-4a9c-8ad7-fe5b95353355
t3 job description length >>>  3
t3 job description length >>>  4
t3 job description length >>>  5
t3 job description length >>>  6
t3 job description length >>>  7
BeautifulSoup failed to find the Ashby job description, attempting Selenium...
Selenium scraping error: Message: timeout: Timed out receiving message from renderer: 300.000
  (Session info: chrome=120.0.6099.109)
Stacktrace:
#0 0x557bc652df83 <unknown>
#1 0x557bc61e6cf7 <unknown>
#2 0x557bc61cc7a1 <unknown>
#3 0x557bc61cc44a <unknown>
#4 0x557bc61ca7e1 <unknown>
#5 0x557bc61cb18a <unknown>
#6 0x557bc61dc07c <unknown>
#7 0x557bc61f47c1 <unknown>
#8 0x557bc61fa6bb <unknown>
#9 0x557bc61cb92d <unknown>
#10 0x557bc61f45c2 <unknown>
#11 0x557bc627ef1a <unknown>
#12 0x557bc625fe53 <unknown>
#13 0x557bc6227dd4 <unknown>
#14 0x557bc62291de <unknown>
#15 0x557bc64f2531 <unknown>
#16 0x557bc64f6455 <unknown>
#17 0x557bc64def55 <unknown>
#18 0x557bc64f70ef <unknown>
#19 0x557bc64c299f <unknown>
#20 0x557bc651b008 <unknown>
#21 0x557bc651b1d7 <unknown>
#22 0x557bc652d124 <unknown>
#23 0x7f26b1497ada <unknown>

Failed to scrape job description for https://jobs.ashbyhq.com/pear/f036d15d-4018-4ed7-b428-ad80c95b06d5
t3 job description length >>>  7
t3 job description length >>>  8
t3 job description length >>>  9
t3 job description length >>>  10
t3 job description length >>>  11
t3 job description length >>>  12
t3 job description length >>>  13
t3 job description length >>>  14
T3 >>> No div with id='content' found.
t3 job description length >>>  14
T3 >>> No div with id='content' found.
t3 job description length >>>  14
T3 >>> No div with id='content' found.
t3 job description length >>>  14
T3 >>> No div with id='content' found.
t3 job description length >>>  14
T3 >>> No div with id='content' found.
t3 job description length >>>  14
T3 >>> No div with id='content' found.
t3 job description length >>>  14
T3 >>> No div with id='content' found.
t3 job description length >>>  14
T3 >>> No div with id='content' found.
t3 job description length >>>  14
T3 >>> No div with id='content' found.
t3 job description length >>>  14
T3 >>> No div with id='content' found.
t3 job description length >>>  14
T3 >>> No div with id='content' found.
t3 job description length >>>  14
t3 job description length >>>  15
t3 job description length >>>  16
t3 job description length >>>  17
t3 job description length >>>  18
t3 job description length >>>  19
t3 job description length >>>  20
t3 job description length >>>  21
t3 job description length >>>  22
t3 job description length >>>  23
t3 job description length >>>  24
t3 job description length >>>  25
t3 job description length >>>  26
t3 job description length >>>  27
t3 job description length >>>  28
t3 job description length >>>  29
t3 job description length >>>  30
t3 job description length >>>  31
t3 job description length >>>  32
t3 job description length >>>  33
t3 job description length >>>  34
t3 job description length >>>  35
t3 job description length >>>  36
t3 job description length >>>  37
t3 job description length >>>  38
t3 job description length >>>  39
t3 job description length >>>  40
t3 job description length >>>  41
t3 job description length >>>  42
t3 job description length >>>  43
t3 job description length >>>  44
BeautifulSoup failed to find the Ashby job description, attempting Selenium...
t3: Error processing HTML content:  Message: session not created: DevToolsActivePort file doesn't exist
Stacktrace:
#0 0x55feb8d71f83 <unknown>
#1 0x55feb8a2acf7 <unknown>
#2 0x55feb8a66bb1 <unknown>
#3 0x55feb8a62b2f <unknown>
#4 0x55feb8a5f26e <unknown>
#5 0x55feb8aaf80c <unknown>
#6 0x55feb8aa3e53 <unknown>
#7 0x55feb8a6bdd4 <unknown>
#8 0x55feb8a6d1de <unknown>
#9 0x55feb8d36531 <unknown>
#10 0x55feb8d3a455 <unknown>
#11 0x55feb8d22f55 <unknown>
#12 0x55feb8d3b0ef <unknown>
#13 0x55feb8d0699f <unknown>
#14 0x55feb8d5f008 <unknown>
#15 0x55feb8d5f1d7 <unknown>
#16 0x55feb8d71124 <unknown>
#17 0x7f4c3b697ada <unknown>

t3 job description length >>>  44
t3 job description length >>>  45
t3 job description length >>>  46
t3 job description length >>>  47
t3 job description length >>>  48
success! t3 jds
jobs to be processed:  8
length slice = 8
Encountered BadRequestError: Error code: 400 - {'error': {'message': "Invalid value for 'content': expected a string, got null.", 'type': 'invalid_request_error', 'param': 'messages.[1].content', 'code': None}} 19661 Mobile Engineer (React/Capacitor/TypeScript) https://jobs.ashbyhq.com/deel/67836037-a4db-4bc8-b98d-a190e568f78a
1
2
3
4
5
Encountered BadRequestError: Error code: 400 - {'error': {'message': "Invalid value for 'content': expected a string, got null.", 'type': 'invalid_request_error', 'param': 'messages.[1].content', 'code': None}} 10314 Security Engineer https://boards.greenhouse.io/beyondtrust/jobs/5500702
Encountered BadRequestError: Error code: 400 - {'error': {'message': "Invalid value for 'content': expected a string, got null.", 'type': 'invalid_request_error', 'param': 'messages.[1].content', 'code': None}} 14134 Technical Support Engineer https://boards.greenhouse.io/beyondtrust/jobs/5593053
success! GPT responses
count = 20   len(jobs) = 8
HUZZAH!

real	47m18.530s
user	0m54.620s
sys	2m35.342s
job and department titles are inconsistent. We run the risk of missing jobs outside of our keywords ie: site reliability
t2 scrape jobs count lever 1
Page title couldn't be found
Page title couldn't be found
t2 scrape jobs count lever 2
t2 scrape jobs count greenhouse 3
t2 scrape jobs count lever 4
t2 scrape jobs count lever 5
t2 scrape jobs count greenhouse 6
t2 scrape jobs count lever 7
t2 scrape jobs count lever 8
t2 scrape jobs count greenhouse 9
t2 scrape jobs count lever 10
Page title couldn't be found
t2 scrape jobs count lever 11
t2 scrape jobs count lever 12
t2 scrape jobs count greenhouse 13
t2 scrape jobs count lever 14
t2 scrape jobs count lever 15
t2 scrape jobs count greenhouse 16
t2 scrape jobs count ashby 17
t2 scrape jobs count greenhouse 18
t2 scrape jobs count lever 19
t2 scrape jobs count ashby 20
t2 scrape jobs count lever 21
t2 scrape jobs count lever 22
t2 scrape jobs count greenhouse 23
t2 scrape jobs count lever 24
t2 scrape jobs count greenhouse 25
t2 scrape jobs count ashby 26
t2 scrape jobs count lever 27
t2 scrape jobs count lever 28
t2 scrape jobs count lever 29
t2 scrape jobs count lever 30
t2 scrape jobs count ashby 31
t2 scrape jobs count ashby 32
t2 scrape jobs count lever 33
t2 scrape jobs count lever 34
t2 scrape jobs count greenhouse 35
t2 scrape jobs count ashby 36
t2 scrape jobs count lever 37
t2 scrape jobs count lever 38
t2 scrape jobs count lever 39
t2 scrape jobs count lever 40
t2 scrape jobs count lever 41
t2 scrape jobs count lever 42
t2 scrape jobs count greenhouse 43
t2 scrape jobs count greenhouse 44
t2 scrape jobs count lever 45
t2 scrape jobs count greenhouse 46
Page title couldn't be found
t2 scrape jobs count lever 47
t2 scrape jobs count ashby 48
t2 scrape jobs count greenhouse 49
t2 scrape jobs count lever 50
t2 scrape jobs count lever 51
t2 scrape jobs count lever 52
t2 scrape jobs count greenhouse 53
t2 scrape jobs count greenhouse 54
t2 scrape jobs count lever 55
t2 scrape jobs count lever 56
t2 scrape jobs count lever 57
t2 scrape jobs count ashby 58
t2 scrape jobs count greenhouse 59
t2 scrape jobs count lever 60
t2 scrape jobs count greenhouse 61
t2 scrape jobs count lever 62
t2 scrape jobs count lever 63
t2 scrape jobs count lever 64
t2 scrape jobs count lever 65
t2 scrape jobs count greenhouse 66
t2 scrape jobs count lever 67
t2 scrape jobs count ashby 68
t2 scrape jobs count greenhouse 69
t2 scrape jobs count greenhouse 70
t2 scrape jobs count lever 71
t2 scrape jobs count greenhouse 72
t2 scrape jobs count greenhouse 73
t2 scrape jobs count lever 74
t2 scrape jobs count ashby 75
t2 scrape jobs count greenhouse 76
t2 scrape jobs count lever 77
t2 scrape jobs count lever 78
t2 scrape jobs count lever 79
t2 scrape jobs count lever 80
t2 scrape jobs count lever 81
t2 scrape jobs count greenhouse 82
t2 scrape jobs count ashby 83
t2 scrape jobs count greenhouse 84
t2 scrape jobs count lever 85
t2 scrape jobs count lever 86
t2 scrape jobs count lever 87
t2 scrape jobs count lever 88
t2 scrape jobs count lever 89
t2 scrape jobs count lever 90
t2 scrape jobs count lever 91
t2 scrape jobs count ashby 92
t2 scrape jobs count lever 93
t2 scrape jobs count greenhouse 94
t2 scrape jobs count lever 95
t2 scrape jobs count lever 96
t2 scrape jobs count ashby 97
t2 scrape jobs count lever 98
t2 scrape jobs count greenhouse 99
t2 scrape jobs count greenhouse 100
t2 scrape jobs count greenhouse 101
t2 scrape jobs count lever 102
t2 scrape jobs count ashby 103
t2 scrape jobs count greenhouse 104
t2 scrape jobs count lever 105
t2 scrape jobs count lever 106
t2 scrape jobs count greenhouse 107
t2 scrape jobs count lever 108
t2 scrape jobs count greenhouse 109
t2 scrape jobs count lever 110
t2 scrape jobs count lever 111
t2 scrape jobs count ashby 112
t2 scrape jobs count greenhouse 113
t2 scrape jobs count greenhouse 114
t2 scrape jobs count lever 115
t2 scrape jobs count greenhouse 116
t2 scrape jobs count lever 117
t2 scrape jobs count greenhouse 118
t2 scrape jobs count lever 119
t2 scrape jobs count lever 120
t2 scrape jobs count ashby 121
Page title couldn't be found
t2 scrape jobs count ashby 122
t2 scrape jobs count lever 123
t2 scrape jobs count lever 124
t2 scrape jobs count lever 125
t2 scrape jobs count ashby 126
t2 scrape jobs count lever 127
t2 scrape jobs count lever 128
t2 scrape jobs count greenhouse 129
t2 scrape jobs count lever 130
t2 scrape jobs count lever 131
t2 scrape jobs count greenhouse 132
t2 scrape jobs count greenhouse 133
t2 scrape jobs count greenhouse 134
t2 scrape jobs count lever 135
t2 scrape jobs count lever 136
t2 scrape jobs count lever 137
t2 scrape jobs count lever 138
t2 scrape jobs count ashby 139
t2 scrape jobs count greenhouse 140
t2 scrape jobs count ashby 141
t2 scrape jobs count greenhouse 142
t2 scrape jobs count lever 143
t2 scrape jobs count lever 144
t2 scrape jobs count greenhouse 145
t2 scrape jobs count lever 146
t2 scrape jobs count lever 147
t2 scrape jobs count lever 148
t2 scrape jobs count lever 149
t2 scrape jobs count ashby 150
t2 scrape jobs count lever 151
t2 scrape jobs count greenhouse 152
t2 scrape jobs count greenhouse 153
t2 scrape jobs count greenhouse 154
t2 scrape jobs count lever 155
t2 scrape jobs count greenhouse 156
t2 scrape jobs count lever 157
t2 scrape jobs count lever 158
t2 scrape jobs count greenhouse 159
t2 scrape jobs count lever 160
t2 scrape jobs count greenhouse 161
t2 scrape jobs count lever 162
t2 scrape jobs count greenhouse 163
t2 scrape jobs count greenhouse 164
t2 scrape jobs count lever 165
t2 scrape jobs count lever 166
t2 scrape jobs count lever 167
t2 scrape jobs count greenhouse 168
t2 scrape jobs count lever 169
Page title couldn't be found
t2 scrape jobs count greenhouse 170
t2 scrape jobs count ashby 171
t2 scrape jobs count lever 172
t2 scrape jobs count greenhouse 173
t2 scrape jobs count lever 174
t2 scrape jobs count lever 175
t2 scrape jobs count greenhouse 176
t2 scrape jobs count greenhouse 177
t2 scrape jobs count lever 178
t2 scrape jobs count ashby 179
t2 scrape jobs count lever 180
t2 scrape jobs count greenhouse 181
t2 scrape jobs count lever 182
t2 scrape jobs count greenhouse 183
t2 scrape jobs count greenhouse 184
t2 scrape jobs count greenhouse 185
t2 scrape jobs count greenhouse 186
t2 scrape jobs count lever 187
t2 scrape jobs count greenhouse 188
Page title couldn't be found
t2 scrape jobs count greenhouse 189
t2 scrape jobs count greenhouse 190
t2 scrape jobs count greenhouse 191
t2 scrape jobs count lever 192
t2 scrape jobs count lever 193
t2 scrape jobs count lever 194
t2 scrape jobs count lever 195
t2 scrape jobs count greenhouse 196
t2 scrape jobs count lever 197
t2 scrape jobs count greenhouse 198
t2 scrape jobs count lever 199
t2 scrape jobs count lever 200
t2 scrape jobs count lever 201
t2 scrape jobs count greenhouse 202
t2 scrape jobs count greenhouse 203
t2 scrape jobs count lever 204
t2 scrape jobs count lever 205
t2 scrape jobs count greenhouse 206
t2 scrape jobs count lever 207
t2 scrape jobs count lever 208
t2 scrape jobs count greenhouse 209
t2 scrape jobs count lever 210
t2 scrape jobs count greenhouse 211
t2 scrape jobs count lever 212
t2 scrape jobs count greenhouse 213
t2 scrape jobs count lever 214
t2 scrape jobs count lever 215
t2 scrape jobs count greenhouse 216
t2 scrape jobs count lever 217
t2 scrape jobs count greenhouse 218
t2 scrape jobs count ashby 219
t2 scrape jobs count lever 220
t2 scrape jobs count lever 221
t2 scrape jobs count lever 222
t2 scrape jobs count lever 223
t2 scrape jobs count ashby 224
t2 scrape jobs count lever 225
t2 scrape jobs count greenhouse 226
t2 scrape jobs count greenhouse 227
t2 scrape jobs count lever 228
t2 scrape jobs count greenhouse 229
t2 scrape jobs count greenhouse 230
t2 scrape jobs count lever 231
t2 scrape jobs count lever 232
TOTAL t2 scrape jobs count 232
success! remove old
success! t2
BeautifulSoup failed to find the Ashby job description, attempting Selenium...
t3 job description length >>>  1
BeautifulSoup failed to find the Ashby job description, attempting Selenium...
t3 job description length >>>  2
BeautifulSoup failed to find the Ashby job description, attempting Selenium...
t3 job description length >>>  3
BeautifulSoup failed to find the Ashby job description, attempting Selenium...
t3 job description length >>>  4
T3 >>> No div with id='content' found.
t3 job description length >>>  4
T3 >>> No div with id='content' found.
t3 job description length >>>  4
T3 >>> No div with id='content' found.
t3 job description length >>>  4
T3 >>> No div with id='content' found.
t3 job description length >>>  4
T3 >>> No div with id='content' found.
t3 job description length >>>  4
T3 >>> No div with id='content' found.
t3 job description length >>>  4
T3 >>> No div with id='content' found.
t3 job description length >>>  4
T3 >>> No div with id='content' found.
t3 job description length >>>  4
t3 job description length >>>  5
T3 >>> No div with id='content' found.
t3 job description length >>>  5
T3 >>> No div with id='content' found.
t3 job description length >>>  5
T3 >>> No div with id='content' found.
t3 job description length >>>  5
t3 job description length >>>  6
BeautifulSoup failed to find the Ashby job description, attempting Selenium...
t3 job description length >>>  7
success! t3 jds
jobs to be processed:  4
length slice = 4
Encountered BadRequestError: Error code: 400 - {'error': {'message': "Invalid value for 'content': expected a string, got null.", 'type': 'invalid_request_error', 'param': 'messages.[1].content', 'code': None}} 10314 Security Engineer https://boards.greenhouse.io/beyondtrust/jobs/5500702
Encountered BadRequestError: Error code: 400 - {'error': {'message': "Invalid value for 'content': expected a string, got null.", 'type': 'invalid_request_error', 'param': 'messages.[1].content', 'code': None}} 14134 Technical Support Engineer https://boards.greenhouse.io/beyondtrust/jobs/5593053
1
2
success! GPT responses
count = 20   len(jobs) = 4
HUZZAH!

real	48m4.414s
user	0m49.979s
sys	1m37.808s
job and department titles are inconsistent. We run the risk of missing jobs outside of our keywords ie: site reliability
t2 scrape jobs count lever 1
t2 scrape jobs count ashby 2
t2 scrape jobs count lever 3
t2 scrape jobs count greenhouse 4
t2 scrape jobs count lever 5
t2 scrape jobs count lever 6
t2 scrape jobs count greenhouse 7
t2 scrape jobs count lever 8
t2 scrape jobs count lever 9
t2 scrape jobs count greenhouse 10
t2 scrape jobs count lever 11
t2 scrape jobs count ashby 12
t2 scrape jobs count lever 13
t2 scrape jobs count lever 14
t2 scrape jobs count greenhouse 15
t2 scrape jobs count lever 16
t2 scrape jobs count lever 17
t2 scrape jobs count greenhouse 18
t2 scrape jobs count ashby 19
t2 scrape jobs count greenhouse 20
t2 scrape jobs count lever 21
t2 scrape jobs count ashby 22
t2 scrape jobs count lever 23
t2 scrape jobs count lever 24
t2 scrape jobs count greenhouse 25
t2 scrape jobs count lever 26
t2 scrape jobs count greenhouse 27
t2 scrape jobs count ashby 28
t2 scrape jobs count lever 29
t2 scrape jobs count lever 30
t2 scrape jobs count lever 31
t2 scrape jobs count lever 32
t2 scrape jobs count ashby 33
t2 scrape jobs count ashby 34
t2 scrape jobs count lever 35
t2 scrape jobs count lever 36
t2 scrape jobs count greenhouse 37
t2 scrape jobs count ashby 38
t2 scrape jobs count lever 39
t2 scrape jobs count lever 40
t2 scrape jobs count lever 41
t2 scrape jobs count lever 42
t2 scrape jobs count greenhouse 43
t2 scrape jobs count greenhouse 44
t2 scrape jobs count lever 45
t2 scrape jobs count greenhouse 46
t2 scrape jobs count ashby 47
t2 scrape jobs count lever 48
t2 scrape jobs count ashby 49
t2 scrape jobs count greenhouse 50
t2 scrape jobs count lever 51
t2 scrape jobs count lever 52
t2 scrape jobs count lever 53
t2 scrape jobs count greenhouse 54
t2 scrape jobs count greenhouse 55
t2 scrape jobs count lever 56
t2 scrape jobs count lever 57
t2 scrape jobs count lever 58
t2 scrape jobs count ashby 59
t2 scrape jobs count greenhouse 60
t2 scrape jobs count lever 61
t2 scrape jobs count greenhouse 62
t2 scrape jobs count lever 63
t2 scrape jobs count lever 64
t2 scrape jobs count lever 65
t2 scrape jobs count lever 66
t2 scrape jobs count greenhouse 67
t2 scrape jobs count lever 68
t2 scrape jobs count greenhouse 69
t2 scrape jobs count greenhouse 70
t2 scrape jobs count greenhouse 71
t2 scrape jobs count greenhouse 72
t2 scrape jobs count lever 73
t2 scrape jobs count ashby 74
t2 scrape jobs count greenhouse 75
t2 scrape jobs count lever 76
t2 scrape jobs count lever 77
t2 scrape jobs count lever 78
t2 scrape jobs count lever 79
t2 scrape jobs count lever 80
t2 scrape jobs count greenhouse 81
t2 scrape jobs count ashby 82
t2 scrape jobs count greenhouse 83
t2 scrape jobs count lever 84
t2 scrape jobs count lever 85
t2 scrape jobs count lever 86
t2 scrape jobs count lever 87
t2 scrape jobs count lever 88
t2 scrape jobs count lever 89
t2 scrape jobs count lever 90
t2 scrape jobs count ashby 91
t2 scrape jobs count lever 92
t2 scrape jobs count greenhouse 93
t2 scrape jobs count lever 94
t2 scrape jobs count lever 95
t2 scrape jobs count ashby 96
t2 scrape jobs count lever 97
t2 scrape jobs count greenhouse 98
t2 scrape jobs count greenhouse 99
t2 scrape jobs count greenhouse 100
t2 scrape jobs count lever 101
t2 scrape jobs count ashby 102
t2 scrape jobs count greenhouse 103
t2 scrape jobs count lever 104
t2 scrape jobs count lever 105
t2 scrape jobs count greenhouse 106
t2 scrape jobs count lever 107
t2 scrape jobs count greenhouse 108
t2 scrape jobs count lever 109
t2 scrape jobs count lever 110
t2 scrape jobs count ashby 111
t2 scrape jobs count greenhouse 112
t2 scrape jobs count greenhouse 113
t2 scrape jobs count lever 114
t2 scrape jobs count greenhouse 115
t2 scrape jobs count lever 116
t2 scrape jobs count greenhouse 117
t2 scrape jobs count lever 118
t2 scrape jobs count lever 119
t2 scrape jobs count ashby 120
Page title couldn't be found
t2 scrape jobs count ashby 121
t2 scrape jobs count lever 122
t2 scrape jobs count lever 123
t2 scrape jobs count lever 124
t2 scrape jobs count ashby 125
t2 scrape jobs count lever 126
t2 scrape jobs count lever 127
t2 scrape jobs count greenhouse 128
t2 scrape jobs count lever 129
t2 scrape jobs count lever 130
t2 scrape jobs count greenhouse 131
t2 scrape jobs count greenhouse 132
t2 scrape jobs count greenhouse 133
t2 scrape jobs count lever 134
t2 scrape jobs count lever 135
t2 scrape jobs count lever 136
t2 scrape jobs count lever 137
t2 scrape jobs count ashby 138
t2 scrape jobs count greenhouse 139
t2 scrape jobs count ashby 140
t2 scrape jobs count greenhouse 141
t2 scrape jobs count lever 142
t2 scrape jobs count lever 143
t2 scrape jobs count greenhouse 144
t2 scrape jobs count lever 145
t2 scrape jobs count lever 146
t2 scrape jobs count lever 147
t2 scrape jobs count lever 148
t2 scrape jobs count ashby 149
t2 scrape jobs count lever 150
t2 scrape jobs count greenhouse 151
t2 scrape jobs count greenhouse 152
t2 scrape jobs count greenhouse 153
t2 scrape jobs count lever 154
t2 scrape jobs count greenhouse 155
t2 scrape jobs count lever 156
t2 scrape jobs count lever 157
t2 scrape jobs count greenhouse 158
t2 scrape jobs count lever 159
t2 scrape jobs count greenhouse 160
t2 scrape jobs count lever 161
t2 scrape jobs count greenhouse 162
t2 scrape jobs count greenhouse 163
t2 scrape jobs count lever 164
t2 scrape jobs count lever 165
t2 scrape jobs count lever 166
t2 scrape jobs count greenhouse 167
t2 scrape jobs count lever 168
Page title couldn't be found
t2 scrape jobs count greenhouse 169
t2 scrape jobs count ashby 170
t2 scrape jobs count lever 171
t2 scrape jobs count greenhouse 172
t2 scrape jobs count lever 173
t2 scrape jobs count lever 174
t2 scrape jobs count greenhouse 175
t2 scrape jobs count greenhouse 176
t2 scrape jobs count lever 177
t2 scrape jobs count ashby 178
t2 scrape jobs count lever 179
t2 scrape jobs count greenhouse 180
t2 scrape jobs count lever 181
t2 scrape jobs count greenhouse 182
t2 scrape jobs count greenhouse 183
t2 scrape jobs count greenhouse 184
t2 scrape jobs count greenhouse 185
t2 scrape jobs count greenhouse 186
Page title couldn't be found
t2 scrape jobs count greenhouse 187
t2 scrape jobs count greenhouse 188
t2 scrape jobs count greenhouse 189
t2 scrape jobs count lever 190
t2 scrape jobs count lever 191
t2 scrape jobs count lever 192
t2 scrape jobs count lever 193
t2 scrape jobs count greenhouse 194
t2 scrape jobs count lever 195
t2 scrape jobs count greenhouse 196
t2 scrape jobs count lever 197
t2 scrape jobs count lever 198
t2 scrape jobs count lever 199
t2 scrape jobs count greenhouse 200
t2 scrape jobs count greenhouse 201
t2 scrape jobs count lever 202
t2 scrape jobs count lever 203
t2 scrape jobs count greenhouse 204
t2 scrape jobs count lever 205
t2 scrape jobs count lever 206
t2 scrape jobs count greenhouse 207
t2 scrape jobs count lever 208
t2 scrape jobs count greenhouse 209
t2 scrape jobs count lever 210
t2 scrape jobs count greenhouse 211
t2 scrape jobs count lever 212
t2 scrape jobs count lever 213
t2 scrape jobs count greenhouse 214
t2 scrape jobs count lever 215
t2 scrape jobs count greenhouse 216
t2 scrape jobs count ashby 217
t2 scrape jobs count lever 218
t2 scrape jobs count lever 219
t2 scrape jobs count lever 220
t2 scrape jobs count lever 221
t2 scrape jobs count ashby 222
t2 scrape jobs count lever 223
t2 scrape jobs count greenhouse 224
t2 scrape jobs count greenhouse 225
t2 scrape jobs count lever 226
t2 scrape jobs count greenhouse 227
t2 scrape jobs count greenhouse 228
t2 scrape jobs count lever 229
t2 scrape jobs count lever 230
TOTAL t2 scrape jobs count 230
success! remove old
success! t2
BeautifulSoup failed to find the Ashby job description, attempting Selenium...
t3 job description length >>>  1
T3 >>> No div with id='content' found.
t3 job description length >>>  1
T3 >>> No div with id='content' found.
t3 job description length >>>  1
T3 >>> No div with id='content' found.
t3 job description length >>>  1
T3 >>> No div with id='content' found.
t3 job description length >>>  1
T3 >>> No div with id='content' found.
t3 job description length >>>  1
T3 >>> No div with id='content' found.
t3 job description length >>>  1
T3 >>> No div with id='content' found.
t3 job description length >>>  1
T3 >>> No div with id='content' found.
t3 job description length >>>  1
BeautifulSoup failed to find the Ashby job description, attempting Selenium...
t3 job description length >>>  2
BeautifulSoup failed to find the Ashby job description, attempting Selenium...
t3 job description length >>>  3
BeautifulSoup failed to find the Ashby job description, attempting Selenium...
t3 job description length >>>  4
T3 >>> No div with id='content' found.
t3 job description length >>>  4
T3 >>> No div with id='content' found.
t3 job description length >>>  4
T3 >>> No div with id='content' found.
t3 job description length >>>  4
t3 job description length >>>  5
t3 job description length >>>  6
t3 job description length >>>  7
t3 job description length >>>  8
t3 job description length >>>  9
t3 job description length >>>  10
BeautifulSoup failed to find the Ashby job description, attempting Selenium...
t3 job description length >>>  11
t3 job description length >>>  12
t3 job description length >>>  13
t3 job description length >>>  14
t3 job description length >>>  15
t3 job description length >>>  16
t3 job description length >>>  17
t3 job description length >>>  18
t3 job description length >>>  19
t3 job description length >>>  20
t3 job description length >>>  21
t3 job description length >>>  22
BeautifulSoup failed to find the Ashby job description, attempting Selenium...
t3 job description length >>>  23
t3 job description length >>>  24
t3 job description length >>>  25
T3 >>> No div with id='content' found.
t3 job description length >>>  25
t3 job description length >>>  26
t3 job description length >>>  27
t3 job description length >>>  28
t3 job description length >>>  29
t3 job description length >>>  30
t3 job description length >>>  31
t3 job description length >>>  32
t3 job description length >>>  33
BeautifulSoup failed to find the Ashby job description, attempting Selenium...
t3 job description length >>>  34
BeautifulSoup failed to find the Ashby job description, attempting Selenium...
t3 job description length >>>  35
t3 job description length >>>  36
success! t3 jds
jobs to be processed:  10
length slice = 10
1
Encountered BadRequestError: Error code: 400 - {'error': {'message': "Invalid value for 'content': expected a string, got null.", 'type': 'invalid_request_error', 'param': 'messages.[1].content', 'code': None}} 10314 Security Engineer https://boards.greenhouse.io/beyondtrust/jobs/5500702
Encountered BadRequestError: Error code: 400 - {'error': {'message': "Invalid value for 'content': expected a string, got null.", 'type': 'invalid_request_error', 'param': 'messages.[1].content', 'code': None}} 14134 Technical Support Engineer https://boards.greenhouse.io/beyondtrust/jobs/5593053
2
3
4
5
6
7
8
success! GPT responses
count = 20   len(jobs) = 10
HUZZAH!

real	5m25.851s
user	0m38.526s
sys	0m14.587s
job and department titles are inconsistent. We run the risk of missing jobs outside of our keywords ie: site reliability
t2 scrape jobs count lever 1
t2 scrape jobs count ashby 2
t2 scrape jobs count lever 3
t2 scrape jobs count greenhouse 4
t2 scrape jobs count lever 5
t2 scrape jobs count lever 6
t2 scrape jobs count greenhouse 7
t2 scrape jobs count lever 8
t2 scrape jobs count lever 9
t2 scrape jobs count greenhouse 10
t2 scrape jobs count lever 11
t2 scrape jobs count ashby 12
t2 scrape jobs count lever 13
t2 scrape jobs count lever 14
t2 scrape jobs count greenhouse 15
t2 scrape jobs count lever 16
t2 scrape jobs count lever 17
t2 scrape jobs count greenhouse 18
t2 scrape jobs count ashby 19
t2 scrape jobs count greenhouse 20
t2 scrape jobs count lever 21
t2 scrape jobs count ashby 22
t2 scrape jobs count lever 23
t2 scrape jobs count lever 24
t2 scrape jobs count greenhouse 25
t2 scrape jobs count lever 26
t2 scrape jobs count greenhouse 27
t2 scrape jobs count ashby 28
t2 scrape jobs count lever 29
t2 scrape jobs count lever 30
t2 scrape jobs count lever 31
t2 scrape jobs count lever 32
t2 scrape jobs count ashby 33
t2 scrape jobs count ashby 34
t2 scrape jobs count lever 35
t2 scrape jobs count lever 36
t2 scrape jobs count greenhouse 37
t2 scrape jobs count ashby 38
t2 scrape jobs count lever 39
t2 scrape jobs count lever 40
t2 scrape jobs count lever 41
t2 scrape jobs count lever 42
t2 scrape jobs count greenhouse 43
t2 scrape jobs count greenhouse 44
t2 scrape jobs count lever 45
Page title couldn't be found
t2 scrape jobs count ashby 46
t2 scrape jobs count lever 47
t2 scrape jobs count greenhouse 48
t2 scrape jobs count lever 49
t2 scrape jobs count lever 50
t2 scrape jobs count lever 51
t2 scrape jobs count greenhouse 52
t2 scrape jobs count greenhouse 53
t2 scrape jobs count lever 54
t2 scrape jobs count lever 55
t2 scrape jobs count lever 56
t2 scrape jobs count ashby 57
t2 scrape jobs count greenhouse 58
t2 scrape jobs count lever 59
t2 scrape jobs count greenhouse 60
t2 scrape jobs count lever 61
t2 scrape jobs count lever 62
t2 scrape jobs count lever 63
t2 scrape jobs count lever 64
t2 scrape jobs count greenhouse 65
t2 scrape jobs count lever 66
t2 scrape jobs count greenhouse 67
t2 scrape jobs count greenhouse 68
t2 scrape jobs count greenhouse 69
t2 scrape jobs count greenhouse 70
t2 scrape jobs count lever 71
t2 scrape jobs count ashby 72
t2 scrape jobs count greenhouse 73
t2 scrape jobs count lever 74
t2 scrape jobs count lever 75
t2 scrape jobs count lever 76
t2 scrape jobs count lever 77
t2 scrape jobs count lever 78
t2 scrape jobs count greenhouse 79
t2 scrape jobs count ashby 80
t2 scrape jobs count greenhouse 81
t2 scrape jobs count lever 82
t2 scrape jobs count lever 83
t2 scrape jobs count lever 84
t2 scrape jobs count lever 85
t2 scrape jobs count lever 86
t2 scrape jobs count lever 87
t2 scrape jobs count lever 88
t2 scrape jobs count ashby 89
t2 scrape jobs count lever 90
t2 scrape jobs count greenhouse 91
t2 scrape jobs count lever 92
t2 scrape jobs count lever 93
t2 scrape jobs count ashby 94
t2 scrape jobs count lever 95
t2 scrape jobs count greenhouse 96
t2 scrape jobs count greenhouse 97
t2 scrape jobs count greenhouse 98
t2 scrape jobs count lever 99
t2 scrape jobs count ashby 100
t2 scrape jobs count greenhouse 101
t2 scrape jobs count lever 102
t2 scrape jobs count lever 103
t2 scrape jobs count greenhouse 104
t2 scrape jobs count greenhouse 105
t2 scrape jobs count lever 106
t2 scrape jobs count greenhouse 107
t2 scrape jobs count lever 108
t2 scrape jobs count lever 109
t2 scrape jobs count ashby 110
t2 scrape jobs count greenhouse 111
t2 scrape jobs count greenhouse 112
t2 scrape jobs count lever 113
t2 scrape jobs count greenhouse 114
t2 scrape jobs count lever 115
t2 scrape jobs count greenhouse 116
t2 scrape jobs count lever 117
t2 scrape jobs count lever 118
t2 scrape jobs count ashby 119
Page title couldn't be found
t2 scrape jobs count ashby 120
t2 scrape jobs count lever 121
t2 scrape jobs count lever 122
t2 scrape jobs count lever 123
t2 scrape jobs count ashby 124
t2 scrape jobs count lever 125
t2 scrape jobs count lever 126
t2 scrape jobs count greenhouse 127
t2 scrape jobs count lever 128
t2 scrape jobs count lever 129
t2 scrape jobs count greenhouse 130
t2 scrape jobs count greenhouse 131
t2 scrape jobs count greenhouse 132
t2 scrape jobs count lever 133
t2 scrape jobs count lever 134
t2 scrape jobs count lever 135
t2 scrape jobs count lever 136
t2 scrape jobs count ashby 137
t2 scrape jobs count greenhouse 138
t2 scrape jobs count ashby 139
t2 scrape jobs count greenhouse 140
t2 scrape jobs count lever 141
t2 scrape jobs count lever 142
t2 scrape jobs count greenhouse 143
t2 scrape jobs count lever 144
t2 scrape jobs count lever 145
t2 scrape jobs count lever 146
t2 scrape jobs count lever 147
t2 scrape jobs count ashby 148
t2 scrape jobs count lever 149
t2 scrape jobs count greenhouse 150
t2 scrape jobs count greenhouse 151
t2 scrape jobs count greenhouse 152
t2 scrape jobs count lever 153
t2 scrape jobs count greenhouse 154
t2 scrape jobs count lever 155
t2 scrape jobs count lever 156
t2 scrape jobs count greenhouse 157
t2 scrape jobs count lever 158
t2 scrape jobs count greenhouse 159
t2 scrape jobs count lever 160
t2 scrape jobs count greenhouse 161
t2 scrape jobs count greenhouse 162
t2 scrape jobs count lever 163
t2 scrape jobs count lever 164
t2 scrape jobs count lever 165
t2 scrape jobs count greenhouse 166
t2 scrape jobs count lever 167
Page title couldn't be found
t2 scrape jobs count greenhouse 168
t2 scrape jobs count ashby 169
t2 scrape jobs count lever 170
t2 scrape jobs count greenhouse 171
t2 scrape jobs count lever 172
t2 scrape jobs count lever 173
t2 scrape jobs count greenhouse 174
t2 scrape jobs count greenhouse 175
t2 scrape jobs count lever 176
t2 scrape jobs count ashby 177
t2 scrape jobs count lever 178
t2 scrape jobs count greenhouse 179
t2 scrape jobs count lever 180
t2 scrape jobs count greenhouse 181
t2 scrape jobs count greenhouse 182
t2 scrape jobs count greenhouse 183
t2 scrape jobs count greenhouse 184
t2 scrape jobs count greenhouse 185
Page title couldn't be found
t2 scrape jobs count greenhouse 186
t2 scrape jobs count greenhouse 187
t2 scrape jobs count greenhouse 188
t2 scrape jobs count lever 189
t2 scrape jobs count lever 190
t2 scrape jobs count lever 191
t2 scrape jobs count lever 192
t2 scrape jobs count greenhouse 193
t2 scrape jobs count lever 194
t2 scrape jobs count greenhouse 195
t2 scrape jobs count lever 196
t2 scrape jobs count lever 197
t2 scrape jobs count lever 198
t2 scrape jobs count greenhouse 199
t2 scrape jobs count greenhouse 200
t2 scrape jobs count lever 201
t2 scrape jobs count lever 202
t2 scrape jobs count greenhouse 203
t2 scrape jobs count lever 204
t2 scrape jobs count lever 205
t2 scrape jobs count greenhouse 206
t2 scrape jobs count lever 207
t2 scrape jobs count greenhouse 208
t2 scrape jobs count lever 209
t2 scrape jobs count greenhouse 210
t2 scrape jobs count lever 211
t2 scrape jobs count lever 212
t2 scrape jobs count greenhouse 213
t2 scrape jobs count lever 214
t2 scrape jobs count greenhouse 215
t2 scrape jobs count ashby 216
t2 scrape jobs count lever 217
t2 scrape jobs count lever 218
t2 scrape jobs count lever 219
t2 scrape jobs count lever 220
t2 scrape jobs count ashby 221
t2 scrape jobs count lever 222
t2 scrape jobs count greenhouse 223
t2 scrape jobs count greenhouse 224
t2 scrape jobs count lever 225
t2 scrape jobs count greenhouse 226
t2 scrape jobs count greenhouse 227
t2 scrape jobs count lever 228
t2 scrape jobs count lever 229
TOTAL t2 scrape jobs count 229
success! remove old
success! t2
t3 job description length >>>  1
t3 job description length >>>  2
t3 job description length >>>  3
T3 >>> No div with id='content' found.
t3 job description length >>>  3
T3 >>> No div with id='content' found.
t3 job description length >>>  3
T3 >>> No div with id='content' found.
t3 job description length >>>  3
T3 >>> No div with id='content' found.
t3 job description length >>>  3
T3 >>> No div with id='content' found.
t3 job description length >>>  3
T3 >>> No div with id='content' found.
t3 job description length >>>  3
T3 >>> No div with id='content' found.
t3 job description length >>>  3
T3 >>> No div with id='content' found.
t3 job description length >>>  3
t3 job description length >>>  4
T3 >>> No div with id='content' found.
t3 job description length >>>  4
T3 >>> No div with id='content' found.
t3 job description length >>>  4
T3 >>> No div with id='content' found.
t3 job description length >>>  4
T3 >>> No div with id='content' found.
t3 job description length >>>  4
t3 job description length >>>  5
t3 job description length >>>  6
t3 job description length >>>  7
t3 job description length >>>  8
t3 job description length >>>  9
t3 job description length >>>  10
t3 job description length >>>  11
t3 job description length >>>  12
t3 job description length >>>  13
t3 job description length >>>  14
t3 job description length >>>  15
t3 job description length >>>  16
t3 job description length >>>  17
t3 job description length >>>  18
t3 job description length >>>  19
t3 job description length >>>  20
t3 job description length >>>  21
t3 job description length >>>  22
t3 job description length >>>  23
t3 job description length >>>  24
t3 job description length >>>  25
t3 job description length >>>  26
t3 job description length >>>  27
t3 job description length >>>  28
t3 job description length >>>  29
BeautifulSoup failed to find the Ashby job description, attempting Selenium...
t3 job description length >>>  30
t3 job description length >>>  31
t3 job description length >>>  32
t3 job description length >>>  33
t3 job description length >>>  34
t3 job description length >>>  35
t3 job description length >>>  36
t3 job description length >>>  37
t3 job description length >>>  38
t3 job description length >>>  39
t3 job description length >>>  40
t3 job description length >>>  41
t3 job description length >>>  42
t3 job description length >>>  43
t3 job description length >>>  44
t3 job description length >>>  45
BeautifulSoup failed to find the Ashby job description, attempting Selenium...
t3 job description length >>>  46
t3 job description length >>>  47
t3 job description length >>>  48
t3 job description length >>>  49
t3 job description length >>>  50
t3 job description length >>>  51
success! t3 jds
jobs to be processed:  16
length slice = 16
1
Encountered BadRequestError: Error code: 400 - {'error': {'message': "Invalid value for 'content': expected a string, got null.", 'type': 'invalid_request_error', 'param': 'messages.[1].content', 'code': None}} 10314 Security Engineer https://boards.greenhouse.io/beyondtrust/jobs/5500702
Encountered BadRequestError: Error code: 400 - {'error': {'message': "Invalid value for 'content': expected a string, got null.", 'type': 'invalid_request_error', 'param': 'messages.[1].content', 'code': None}} 14134 Technical Support Engineer https://boards.greenhouse.io/beyondtrust/jobs/5593053
2
3
4
5
6
7
8
9
10
11
12
13
14
success! GPT responses
count = 20   len(jobs) = 16
HUZZAH!

real	4m38.680s
user	0m33.272s
sys	0m7.255s
