inside getURL
<selenium.webdriver.remote.webelement.WebElement (session="ec2b559b54161df697098e171d18779b", element="796E22A3B148585CEFBC4CF6B82D02D7_element_4")>
INITIAL RESPONSE <class 'str'>
t1 get job boards urls processed:  31
t1 get job boards urls processed:  45
t1 get job boards urls processed:  45
t1 get job boards urls processed:  65
t1 get job boards urls processed:  79
t1 get job boards urls processed:  93
t1 get job boards urls processed:  107
t1 get job boards urls processed:  121
t1 get job boards urls processed:  135
t1 get job boards urls processed:  149
t1 get job boards urls processed:  163
t1 get job boards urls processed:  177
t1 get job boards urls processed:  191
t1 get job boards urls processed:  205
t1 get job boards urls processed:  219
t1 get job boards urls processed:  219
t1 get job boards urls processed:  239
t1 get job boards urls processed:  253
t1 get job boards urls processed:  267
t1 get job boards urls processed:  281
t1 get job boards urls processed:  295
t1 get job boards urls processed:  309
t1 get job boards urls processed:  323
t1 get job boards urls processed:  337
t1 get job boards urls processed:  351
t1 get job boards urls processed:  365
t1 get job boards urls processed:  365
t1 get job boards urls processed:  375
t1 get job boards urls processed:  395
t1 get job boards urls processed:  409
t1 get job boards urls processed:  423
t1 get job boards urls processed:  437
t1 get job boards urls processed:  451
t1 get job boards urls processed:  451
t1 get job boards urls processed:  471
t1 get job boards urls processed:  485
t1 get job boards urls processed:  499
t1 get job boards urls processed:  513
t1 get job boards urls processed:  527
t1 get job boards urls processed:  541
t1 get job boards urls processed:  555
t1 get job boards urls processed:  555
t1 get job boards urls processed:  575
t1 get job boards urls processed:  589
t1 get job boards urls processed:  603
t1 get job boards urls processed:  617
t1 get job boards urls processed:  617
t1 get job boards urls processed:  637
t1 get job boards urls processed:  637
t1 get job boards urls processed:  657
t1 get job boards urls processed:  671
t1 get job boards urls processed:  671
t1 get job boards urls processed:  691
t1 get job boards urls processed:  691
t1 get job boards urls processed:  711
t1 get job boards urls processed:  725
t1 get job boards urls processed:  739
t1 get job boards urls processed:  753
t1 get job boards urls processed:  767
t1 get job boards urls processed:  768
t1 get job boards urls processed:  788
t1 get job boards urls processed:  802
t1 get job boards urls processed:  816
t1 get job boards urls processed:  830
t1 get job boards urls processed:  844
t1 get job boards urls processed:  858
t1 get job boards urls processed:  872
t1 get job boards urls processed:  886
t1 get job boards urls processed:  900
t1 get job boards urls processed:  914
t1 get job boards urls processed:  928
t1 get job boards urls processed:  928
t1 get job boards urls processed:  948
t1 get job boards urls processed:  962
t1 get job boards urls processed:  976
t1 get job boards urls processed:  990
t1 get job boards urls processed:  1004
t1 get job boards urls processed:  1018
t1 get job boards urls processed:  1018
t1 get job boards urls processed:  1038
t1 get job boards urls processed:  1052
t1 get job boards urls processed:  1066
t1 get job boards urls processed:  1066
t1 get job boards urls processed:  1086
t1 get job boards urls processed:  1100
t1 get job boards urls processed:  1114
t1 get job boards urls processed:  1128
t1 get job boards urls processed:  1142
t1 get job boards urls processed:  1156
t1 get job boards urls processed:  1170
t1 get job boards urls processed:  1184
t1 get job boards urls processed:  1198
t1 get job boards urls processed:  1212
t1 get job boards urls processed:  1226
t1 get job boards urls processed:  1235
t1 get job boards urls processed:  1235
t1 get job boards urls processed:  1235
Database error in t1 insert: null value in column "ats_url" of relation "job_boards" violates not-null constraint
DETAIL:  Failing row contains (4845, Aktion Associates, Inc., , null, 2024-01-04 03:09:59.825375).

inside getURL
<selenium.webdriver.remote.webelement.WebElement (session="c1bda5ebdaf6e6316a6bc122d897c003", element="2788B1BE3E9C86D7BDB4A15E63B656E6_element_6")>
INITIAL RESPONSE <class 'str'>
t1 get job boards urls processed:  31
t1 get job boards urls processed:  45
t1 get job boards urls processed:  59
t1 get job boards urls processed:  59
t1 get job boards urls processed:  79
t1 get job boards urls processed:  93
t1 get job boards urls processed:  107
t1 get job boards urls processed:  121
t1 get job boards urls processed:  135
t1 get job boards urls processed:  149
t1 get job boards urls processed:  163
t1 get job boards urls processed:  177
t1 get job boards urls processed:  191
t1 get job boards urls processed:  205
t1 get job boards urls processed:  219
t1 get job boards urls processed:  219
t1 get job boards urls processed:  239
t1 get job boards urls processed:  253
t1 get job boards urls processed:  253
t1 get job boards urls processed:  273
t1 get job boards urls processed:  287
t1 get job boards urls processed:  301
t1 get job boards urls processed:  315
t1 get job boards urls processed:  329
t1 get job boards urls processed:  343
t1 get job boards urls processed:  357
t1 get job boards urls processed:  371
t1 get job boards urls processed:  385
t1 get job boards urls processed:  399
t1 get job boards urls processed:  413
t1 get job boards urls processed:  427
t1 get job boards urls processed:  441
t1 get job boards urls processed:  455
t1 get job boards urls processed:  469
t1 get job boards urls processed:  483
t1 get job boards urls processed:  483
t1 get job boards urls processed:  503
t1 get job boards urls processed:  517
t1 get job boards urls processed:  531
t1 get job boards urls processed:  545
t1 get job boards urls processed:  559
t1 get job boards urls processed:  573
t1 get job boards urls processed:  587
t1 get job boards urls processed:  601
t1 get job boards urls processed:  601
t1 get job boards urls processed:  621
t1 get job boards urls processed:  635
t1 get job boards urls processed:  649
t1 get job boards urls processed:  663
t1 get job boards urls processed:  677
t1 get job boards urls processed:  691
t1 get job boards urls processed:  705
t1 get job boards urls processed:  719
t1 get job boards urls processed:  721
t1 get job boards urls processed:  741
t1 get job boards urls processed:  755
t1 get job boards urls processed:  769
t1 get job boards urls processed:  783
t1 get job boards urls processed:  797
t1 get job boards urls processed:  797
t1 get job boards urls processed:  817
t1 get job boards urls processed:  831
t1 get job boards urls processed:  845
t1 get job boards urls processed:  859
t1 get job boards urls processed:  873
t1 get job boards urls processed:  887
t1 get job boards urls processed:  901
t1 get job boards urls processed:  915
t1 get job boards urls processed:  929
t1 get job boards urls processed:  943
t1 get job boards urls processed:  957
t1 get job boards urls processed:  975
t1 get job boards urls processed:  989
t1 get job boards urls processed:  1003
t1 get job boards urls processed:  1017
t1 get job boards urls processed:  1031
t1 get job boards urls processed:  1045
t1 get job boards urls processed:  1059
t1 get job boards urls processed:  1073
t1 get job boards urls processed:  1087
t1 get job boards urls processed:  1101
t1 get job boards urls processed:  1115
t1 get job boards urls processed:  1129
t1 get job boards urls processed:  1143
t1 get job boards urls processed:  1157
t1 get job boards urls processed:  1167
t1 get job boards urls processed:  1187
t1 get job boards urls processed:  1201
t1 get job boards urls processed:  1215
t1 get job boards urls processed:  1229
t1 get job boards urls processed:  1243
t1 get job boards urls processed:  1257
t1 get job boards urls processed:  1271
t1 get job boards urls processed:  1271
t1 get job boards urls processed:  1287
t1 get job boards urls processed:  1287
t1 get job boards urls processed:  1287
Database error in t1 insert: null value in column "ats_url" of relation "job_boards" violates not-null constraint
DETAIL:  Failing row contains (4878, Progyny, Inc., , null, 2024-01-04 03:36:59.014011).

inside getURL
<selenium.webdriver.remote.webelement.WebElement (session="fe6ddfd4b25d7aa5eac64d2d1d432e49", element="CF81D64B1CB879A6E34919BEF9643C5B_element_6")>
INITIAL RESPONSE <class 'str'>
t1 get job boards urls processed:  17
t1 get job boards urls processed:  23
t1 get job boards urls processed:  43
t1 get job boards urls processed:  57
t1 get job boards urls processed:  71
t1 get job boards urls processed:  85
t1 get job boards urls processed:  99
t1 get job boards urls processed:  99
t1 get job boards urls processed:  119
t1 get job boards urls processed:  133
t1 get job boards urls processed:  147
t1 get job boards urls processed:  161
t1 get job boards urls processed:  175
t1 get job boards urls processed:  189
t1 get job boards urls processed:  203
t1 get job boards urls processed:  217
t1 get job boards urls processed:  217
t1 get job boards urls processed:  237
t1 get job boards urls processed:  251
t1 get job boards urls processed:  265
t1 get job boards urls processed:  279
t1 get job boards urls processed:  293
t1 get job boards urls processed:  307
t1 get job boards urls processed:  321
t1 get job boards urls processed:  335
t1 get job boards urls processed:  345
t1 get job boards urls processed:  365
t1 get job boards urls processed:  379
t1 get job boards urls processed:  393
t1 get job boards urls processed:  407
t1 get job boards urls processed:  421
t1 get job boards urls processed:  435
t1 get job boards urls processed:  435
t1 get job boards urls processed:  455
t1 get job boards urls processed:  469
t1 get job boards urls processed:  469
t1 get job boards urls processed:  489
t1 get job boards urls processed:  503
t1 get job boards urls processed:  517
t1 get job boards urls processed:  517
t1 get job boards urls processed:  527
t1 get job boards urls processed:  536
t1 get job boards urls processed:  556
t1 get job boards urls processed:  570
t1 get job boards urls processed:  584
t1 get job boards urls processed:  598
t1 get job boards urls processed:  598
t1 get job boards urls processed:  618
t1 get job boards urls processed:  632
t1 get job boards urls processed:  646
t1 get job boards urls processed:  646
t1 get job boards urls processed:  666
t1 get job boards urls processed:  680
t1 get job boards urls processed:  694
t1 get job boards urls processed:  708
t1 get job boards urls processed:  722
t1 get job boards urls processed:  736
t1 get job boards urls processed:  750
t1 get job boards urls processed:  764
t1 get job boards urls processed:  778
t1 get job boards urls processed:  792
t1 get job boards urls processed:  806
t1 get job boards urls processed:  820
t1 get job boards urls processed:  834
t1 get job boards urls processed:  848
t1 get job boards urls processed:  862
t1 get job boards urls processed:  862
t1 get job boards urls processed:  882
t1 get job boards urls processed:  896
t1 get job boards urls processed:  910
t1 get job boards urls processed:  924
t1 get job boards urls processed:  924
t1 get job boards urls processed:  944
t1 get job boards urls processed:  958
t1 get job boards urls processed:  972
t1 get job boards urls processed:  972
t1 get job boards urls processed:  992
t1 get job boards urls processed:  1006
t1 get job boards urls processed:  1020
t1 get job boards urls processed:  1034
t1 get job boards urls processed:  1048
t1 get job boards urls processed:  1062
t1 get job boards urls processed:  1076
t1 get job boards urls processed:  1090
t1 get job boards urls processed:  1104
t1 get job boards urls processed:  1118
t1 get job boards urls processed:  1132
t1 get job boards urls processed:  1146
t1 get job boards urls processed:  1146
t1 get job boards urls processed:  1166
t1 get job boards urls processed:  1180
t1 get job boards urls processed:  1194
t1 get job boards urls processed:  1208
t1 get job boards urls processed:  1222
t1 get job boards urls processed:  1222
t1 get job boards urls processed:  1231
t1 get job boards urls processed:  1231
t1 get job boards urls processed:  1231
Database error in t1 insert: null value in column "ats_url" of relation "job_boards" violates not-null constraint
DETAIL:  Failing row contains (4931, Procore Technologies,  , null, 2024-01-04 03:42:26.341161).

