inside getURL
<selenium.webdriver.remote.webelement.WebElement (session="7d5045dedff9efabd99d4dcee8b01db0", element="9660D468573137FF4B567AB4B29FC082_element_6")>
INITIAL RESPONSE <class 'str'>
t1 get job boards urls processed:  31
t1 get job boards urls processed:  45
t1 get job boards urls processed:  59
t1 get job boards urls processed:  73
t1 get job boards urls processed:  87
t1 get job boards urls processed:  101
t1 get job boards urls processed:  115
t1 get job boards urls processed:  129
t1 get job boards urls processed:  143
t1 get job boards urls processed:  157
t1 get job boards urls processed:  171
t1 get job boards urls processed:  185
t1 get job boards urls processed:  199
t1 get job boards urls processed:  213
t1 get job boards urls processed:  227
t1 get job boards urls processed:  241
t1 get job boards urls processed:  255
t1 get job boards urls processed:  269
t1 get job boards urls processed:  283
t1 get job boards urls processed:  297
t1 get job boards urls processed:  297
t1 get job boards urls processed:  317
t1 get job boards urls processed:  331
t1 get job boards urls processed:  345
t1 get job boards urls processed:  359
t1 get job boards urls processed:  373
t1 get job boards urls processed:  387
t1 get job boards urls processed:  401
t1 get job boards urls processed:  415
t1 get job boards urls processed:  429
t1 get job boards urls processed:  443
t1 get job boards urls processed:  457
t1 get job boards urls processed:  471
t1 get job boards urls processed:  471
t1 get job boards urls processed:  491
t1 get job boards urls processed:  505
t1 get job boards urls processed:  519
t1 get job boards urls processed:  533
t1 get job boards urls processed:  547
t1 get job boards urls processed:  561
t1 get job boards urls processed:  575
t1 get job boards urls processed:  589
t1 get job boards urls processed:  589
t1 get job boards urls processed:  609
t1 get job boards urls processed:  623
t1 get job boards urls processed:  637
t1 get job boards urls processed:  651
t1 get job boards urls processed:  665
t1 get job boards urls processed:  679
t1 get job boards urls processed:  693
t1 get job boards urls processed:  707
t1 get job boards urls processed:  721
t1 get job boards urls processed:  721
t1 get job boards urls processed:  741
t1 get job boards urls processed:  755
t1 get job boards urls processed:  769
t1 get job boards urls processed:  783
t1 get job boards urls processed:  797
t1 get job boards urls processed:  811
t1 get job boards urls processed:  825
t1 get job boards urls processed:  839
t1 get job boards urls processed:  853
t1 get job boards urls processed:  867
t1 get job boards urls processed:  867
t1 get job boards urls processed:  887
t1 get job boards urls processed:  901
t1 get job boards urls processed:  915
t1 get job boards urls processed:  929
t1 get job boards urls processed:  943
t1 get job boards urls processed:  957
t1 get job boards urls processed:  971
t1 get job boards urls processed:  985
t1 get job boards urls processed:  999
t1 get job boards urls processed:  1000
t1 get job boards urls processed:  1020
t1 get job boards urls processed:  1020
t1 get job boards urls processed:  1040
t1 get job boards urls processed:  1040
t1 get job boards urls processed:  1049
t1 get job boards urls processed:  1069
t1 get job boards urls processed:  1083
t1 get job boards urls processed:  1097
t1 get job boards urls processed:  1111
t1 get job boards urls processed:  1125
t1 get job boards urls processed:  1139
t1 get job boards urls processed:  1153
t1 get job boards urls processed:  1167
t1 get job boards urls processed:  1181
t1 get job boards urls processed:  1195
t1 get job boards urls processed:  1209
t1 get job boards urls processed:  1223
t1 get job boards urls processed:  1237
t1 get job boards urls processed:  1251
t1 get job boards urls processed:  1265
t1 get job boards urls processed:  1274
t1 get job boards urls processed:  1274
t1 get job boards urls processed:  1274
Database error in t1 insert: null value in column "ats_url" of relation "job_boards" violates not-null constraint
DETAIL:  Failing row contains (5126, Lockheed Martin,  , null, 2024-01-04 04:03:25.520879).

